9/10/2024 9:45:35 PM	This log contains information about the import schema operation into project 'BowlingLeagueManagerDB' on computer 'COLBYS_DESKTOP' by user 'colby'.
9/10/2024 9:45:36 PM	Import of database schema has started.
9/10/2024 9:45:38 PM	Gathering database credentials
9/10/2024 9:45:38 PM	Gathering database options
9/10/2024 9:45:38 PM	Gathering generic database scoped configuration option
9/10/2024 9:45:38 PM	Gathering users
9/10/2024 9:45:38 PM	Gathering roles
9/10/2024 9:45:38 PM	Gathering application roles
9/10/2024 9:45:38 PM	Gathering role memberships
9/10/2024 9:45:38 PM	Gathering filegroups
9/10/2024 9:45:38 PM	Gathering full-text catalogs
9/10/2024 9:45:38 PM	Gathering assemblies
9/10/2024 9:45:38 PM	Gathering certificates
9/10/2024 9:45:38 PM	Gathering asymmetric keys
9/10/2024 9:45:38 PM	Gathering symmetric keys
9/10/2024 9:45:38 PM	Gathering encrypted symmetric keys
9/10/2024 9:45:38 PM	Gathering schemas
9/10/2024 9:45:38 PM	Gathering XML schema collections
9/10/2024 9:45:38 PM	Gathering user-defined data types
9/10/2024 9:45:38 PM	Gathering user-defined types
9/10/2024 9:45:38 PM	Gathering table types
9/10/2024 9:45:38 PM	Gathering unique keys for table types
9/10/2024 9:45:38 PM	Gathering primary keys for table types
9/10/2024 9:45:38 PM	Gathering indexes for table types
9/10/2024 9:45:38 PM	Gathering check constraints for table types
9/10/2024 9:45:38 PM	Gathering default constraints for table types
9/10/2024 9:45:38 PM	Gathering partition functions
9/10/2024 9:45:38 PM	Gathering partition schemes
9/10/2024 9:45:38 PM	Gathering functions
9/10/2024 9:45:38 PM	Gathering encrypted functions
9/10/2024 9:45:38 PM	Gathering aggregates
9/10/2024 9:45:38 PM	Gathering procedures
9/10/2024 9:45:38 PM	Gathering encrypted procedures
9/10/2024 9:45:38 PM	Gathering tables
9/10/2024 9:45:38 PM	Gathering primary keys
9/10/2024 9:45:38 PM	Gathering unique constraints
9/10/2024 9:45:38 PM	Gathering foreign keys
9/10/2024 9:45:38 PM	Gathering default constraints
9/10/2024 9:45:38 PM	Gathering check constraints
9/10/2024 9:45:38 PM	Gathering views
9/10/2024 9:45:38 PM	Gathering encrypted views
9/10/2024 9:45:38 PM	Gathering indexes
9/10/2024 9:45:38 PM	Gathering statistics
9/10/2024 9:45:38 PM	Gathering full-text index stoplists
9/10/2024 9:45:38 PM	Gathering search property lists
9/10/2024 9:45:38 PM	Gathering search properties
9/10/2024 9:45:38 PM	Gathering full-text indexes
9/10/2024 9:45:38 PM	Gathering column store indexes
9/10/2024 9:45:38 PM	Gathering spatial indexes
9/10/2024 9:45:38 PM	Gathering XML indexes
9/10/2024 9:45:38 PM	Gathering Selective XML indexes
9/10/2024 9:45:38 PM	Gathering encrypted triggers
9/10/2024 9:45:38 PM	Gathering triggers
9/10/2024 9:45:38 PM	Gathering encrypted and clr ddl triggers
9/10/2024 9:45:38 PM	Gathering ddl triggers
9/10/2024 9:45:38 PM	Creating edge constraints
9/10/2024 9:45:38 PM	Gathering synonyms
9/10/2024 9:45:38 PM	Gathering defaults
9/10/2024 9:45:38 PM	Gathering data constraint uddt bindings
9/10/2024 9:45:38 PM	Gathering rules
9/10/2024 9:45:38 PM	Gathering data constraint uddt bindings
9/10/2024 9:45:38 PM	Gathering message types
9/10/2024 9:45:38 PM	Gathering queues
9/10/2024 9:45:38 PM	Gathering contracts
9/10/2024 9:45:38 PM	Gathering services
9/10/2024 9:45:38 PM	Gathering event notifications
9/10/2024 9:45:38 PM	Gathering remote service bindings
9/10/2024 9:45:38 PM	Gathering broker priorities
9/10/2024 9:45:38 PM	Gathering signatures
9/10/2024 9:45:38 PM	Gathering compression options
9/10/2024 9:45:38 PM	Gathering sequence types
9/10/2024 9:45:38 PM	Gathering security policies
9/10/2024 9:45:38 PM	Gather column encryption keys
9/10/2024 9:45:38 PM	Gathering column master keys
9/10/2024 9:45:38 PM	Gathering external data sources
9/10/2024 9:45:38 PM	Gathering external file formats
9/10/2024 9:45:38 PM	Gathering external tables
9/10/2024 9:45:38 PM	Gathering extended properties
9/10/2024 9:45:38 PM	Gathering assemblies
9/10/2024 9:45:38 PM	Gathering credentials
9/10/2024 9:45:38 PM	Gathering logins
9/10/2024 9:45:38 PM	Gathering server audits
9/10/2024 9:45:39 PM	Finished importing database.
9/10/2024 9:45:39 PM	A summary of the import was saved to the following location: C:\Users\colby\source\repos\BowlingLeagueManagerDB\Import Schema Logs\BowlingLeagueManager_20240911024535.log
9/10/2024 9:45:39 PM	Click Finish to continue...
